<?xml version="1.0" encoding="UTF-8"?>
<!-- Generated by org.testng.reporters.JUnitXMLReporter -->
<testsuite hostname="HMS-DT-N-10" name="Chrome Test" tests="4" failures="0" timestamp="10 Jul 2019 04:59:10 GMT" time="0.075" errors="0">
  <testcase name="@BeforeTest openBrowser" time="0.0" classname="com.hotelogix.smoke.FrontdeskTest.FrontdeskTest">
    <failure type="java.lang.NullPointerException">
      <![CDATA[java.lang.NullPointerException
	at com.hotelogix.smoke.FrontdeskTest.FrontdeskTest.openBrowser(FrontdeskTest.java:131)
	at java.util.concurrent.FutureTask.run(Unknown Source)
	at java.util.concurrent.ThreadPoolExecutor.runWorker(Unknown Source)
	at java.util.concurrent.ThreadPoolExecutor$Worker.run(Unknown Source)
	at java.lang.Thread.run(Unknown Source)
... Removed 14 stack frames]]>
    </failure>
  </testcase> <!-- @BeforeTest openBrowser -->
  <testcase name="@AfterMethod closeApp" time="0.0" classname="com.hotelogix.smoke.FrontdeskTest.FrontdeskTest">
    <skipped/>
  </testcase> <!-- @AfterMethod closeApp -->
  <testcase name="@AfterMethod closeApp" time="0.0" classname="com.hotelogix.smoke.FrontdeskTest.FrontdeskTest">
    <skipped/>
  </testcase> <!-- @AfterMethod closeApp -->
  <testcase name="@AfterMethod closeApp" time="0.0" classname="com.hotelogix.smoke.FrontdeskTest.FrontdeskTest">
    <skipped/>
  </testcase> <!-- @AfterMethod closeApp -->
  <testcase name="@AfterMethod closeApp" time="0.0" classname="com.hotelogix.smoke.FrontdeskTest.FrontdeskTest">
    <skipped/>
  </testcase> <!-- @AfterMethod closeApp -->
  <testcase name="TC_180_181_182_183_184_185_186_187_188" time="0.002" classname="com.hotelogix.smoke.FrontdeskTest.FrontdeskTest">
    <skipped/>
  </testcase> <!-- TC_180_181_182_183_184_185_186_187_188 -->
  <testcase name="TC_189_190" time="0.005" classname="com.hotelogix.smoke.FrontdeskTest.FrontdeskTest">
    <skipped/>
  </testcase> <!-- TC_189_190 -->
  <testcase name="TC_191" time="0.002" classname="com.hotelogix.smoke.FrontdeskTest.FrontdeskTest">
    <skipped/>
  </testcase> <!-- TC_191 -->
  <testcase name="TC_194_195_196_197_198_199_200_201" time="0.003" classname="com.hotelogix.smoke.FrontdeskTest.FrontdeskTest">
    <skipped/>
  </testcase> <!-- TC_194_195_196_197_198_199_200_201 -->
</testsuite> <!-- Chrome Test -->
