<?xml version="1.0" encoding="UTF-8"?>
<!-- Generated by org.testng.reporters.JUnitXMLReporter -->
<testsuite hostname="HMS-DT-N-9" name="Test" tests="41" failures="1" timestamp="22 Dec 2024 18:13:34 GMT" time="11919.563" errors="0">
  <testcase name="TC_180_181_182_183_184_185_186_187_188" time="357.137" classname="com.hotelogix.smoke.FrontdeskTest.FrontdeskTest"/>
  <testcase name="TC_189_190" time="413.415" classname="com.hotelogix.smoke.FrontdeskTest.FrontdeskTest"/>
  <testcase name="TC_191" time="277.632" classname="com.hotelogix.smoke.FrontdeskTest.FrontdeskTest"/>
  <testcase name="fn_verifyPriceAndDiscAmtOnMoreDetailPage" time="305.42" classname="com.hotelogix.smoke.FrontdeskTest.FrontdeskTest"/>
  <testcase name="TC_194_195_196_197_198_199_200_201" time="641.112" classname="com.hotelogix.smoke.FrontdeskTest.FrontdeskTest"/>
  <testcase name="fn_verifyHouseCountReportForSpecificDateRange" time="210.245" classname="com.hotelogix.smoke.FrontdeskTest.FrontdeskTest"/>
  <testcase name="fn_verifyMonthlySummaryReportForSpecificMonth" time="162.936" classname="com.hotelogix.smoke.FrontdeskTest.FrontdeskTest"/>
  <testcase name="fn_verifyPrintAndExportBtnInCashierReport" time="221.62" classname="com.hotelogix.smoke.FrontdeskTest.FrontdeskTest"/>
  <testcase name="fn_verifyPrintAndExportBtnInNoShowReport" time="218.977" classname="com.hotelogix.smoke.FrontdeskTest.FrontdeskTest"/>
  <testcase name="fn_verifyPrintAndExportOfMonthlySummaryReport" time="173.626" classname="com.hotelogix.smoke.FrontdeskTest.FrontdeskTest"/>
  <testcase name="fn_verifyPrintAndExportBtnOfDiscountReport" time="228.815" classname="com.hotelogix.smoke.FrontdeskTest.FrontdeskTest"/>
  <testcase name="fn_verifyPrintAndExportBtnInDailySalesReport" time="226.106" classname="com.hotelogix.smoke.FrontdeskTest.FrontdeskTest"/>
  <testcase name="fn_verifyCalcOfHouseCountReport" time="195.118" classname="com.hotelogix.smoke.FrontdeskTest.FrontdeskTest"/>
  <testcase name="fn_CreateGroupReservOnWeb" time="589.51" classname="com.hotelogix.smoke.FrontdeskTest.FrontdeskTest"/>
  <testcase name="fn_verifyEnableEditingCheckinBtnInSingleReserv" time="193.188" classname="com.hotelogix.smoke.FrontdeskTest.FrontdeskTest"/>
  <testcase name="fn_verifySingleLinkAndCheckinBtn" time="170.878" classname="com.hotelogix.smoke.FrontdeskTest.FrontdeskTest"/>
  <testcase name="fn_verifyEarlyCheckinBtnInSingleReserv" time="191.202" classname="com.hotelogix.smoke.FrontdeskTest.FrontdeskTest"/>
  <testcase name="fn_verifySingleLinkAndEarlyCheckinBtn" time="176.553" classname="com.hotelogix.smoke.FrontdeskTest.FrontdeskTest"/>
  <testcase name="fn_verifyGuestCheckInLnkForSingleReserv" time="204.529" classname="com.hotelogix.smoke.FrontdeskTest.FrontdeskTest"/>
  <testcase name="fn_verifySingleLnkAndGuestCheckinLnk" time="178.707" classname="com.hotelogix.smoke.FrontdeskTest.FrontdeskTest"/>
  <testcase name="fn_verifyGuestEarlyCheckinLnkInSingleReserv" time="215.386" classname="com.hotelogix.smoke.FrontdeskTest.FrontdeskTest"/>
  <testcase name="fn_verifySingleLnkAndEarlyGuestCheckinLnk" time="182.986" classname="com.hotelogix.smoke.FrontdeskTest.FrontdeskTest"/>
  <testcase name="fn_verifyEnableEditingGroupCheckinBtn" time="192.918" classname="com.hotelogix.smoke.FrontdeskTest.FrontdeskTest"/>
  <testcase name="fn_verifyCheckinSelectedInGrpReserv" time="244.414" classname="com.hotelogix.smoke.FrontdeskTest.FrontdeskTest"/>
  <testcase name="fn_verifyGrpLinkAndGroupCheckinBtn" time="182.092" classname="com.hotelogix.smoke.FrontdeskTest.FrontdeskTest"/>
  <testcase name="fn_verifyCheckinBtnForSingleGuestInGrpReserv" time="265.948" classname="com.hotelogix.smoke.FrontdeskTest.FrontdeskTest"/>
  <testcase name="fn_verifyEarlyCheckinBtnForSingleGuestInGrpReserv" time="246.403" classname="com.hotelogix.smoke.FrontdeskTest.FrontdeskTest"/>
  <testcase name="fn_verifyGuestCheckinLnkForSingleGuestInGrpReserv" time="265.762" classname="com.hotelogix.smoke.FrontdeskTest.FrontdeskTest"/>
  <testcase name="fn_verifyGuestEarlyCheckinLnkForSingleGuestInGrpReserv" time="255.346" classname="com.hotelogix.smoke.FrontdeskTest.FrontdeskTest"/>
  <testcase name="fn_verifyRtClkCheckoutInSingleReserv" time="359.044" classname="com.hotelogix.smoke.FrontdeskTest.FrontdeskTest">
    <failure type="org.openqa.selenium.StaleElementReferenceException" message="The element with the reference adbe7e0f-b4e0-43e1-92c9-7b70ee20d805 is stale; either its node document is not the active document, or it is no longer connected to the DOM
For documentation on this error, please visit: http://seleniumhq.org/exceptions/stale_element_reference.html
Build info: version: &amp;apos;3.141.5&amp;apos;, revision: &amp;apos;d54ebd709a&amp;apos;, time: &amp;apos;2018-11-06T11:42:16&amp;apos;
System info: host: &amp;apos;HMS-DT-N-9&amp;apos;, ip: &amp;apos;192.168.2.115&amp;apos;, os.name: &amp;apos;Windows 10&amp;apos;, os.arch: &amp;apos;amd64&amp;apos;, os.version: &amp;apos;10.0&amp;apos;, java.version: &amp;apos;1.8.0_411&amp;apos;
Driver info: org.openqa.selenium.firefox.FirefoxDriver
Capabilities {acceptInsecureCerts: true, browserName: firefox, browserVersion: 133.0.3, javascriptEnabled: true, moz:accessibilityChecks: false, moz:buildID: 20241209150345, moz:geckodriverVersion: 0.29.0, moz:headless: false, moz:platformVersion: 10.0, moz:processID: 10384, moz:profile: C:\Users\qa\AppData\Local\T..., moz:shutdownTimeout: 60000, moz:webdriverClick: true, moz:windowless: false, pageLoadStrategy: normal, platform: WINDOWS, platformName: WINDOWS, proxy: Proxy(), setWindowRect: true, strictFileInteractability: false, timeouts: {implicit: 0, pageLoad: 300000, script: 30000}, unhandledPromptBehavior: dismiss and notify, userAgent: Mozilla/5.0 (Windows NT 10....}
Session ID: 217be3a7-b99a-499e-9c7e-d0237bebffc4">
      <![CDATA[org.openqa.selenium.StaleElementReferenceException: The element with the reference adbe7e0f-b4e0-43e1-92c9-7b70ee20d805 is stale; either its node document is not the active document, or it is no longer connected to the DOM
For documentation on this error, please visit: http://seleniumhq.org/exceptions/stale_element_reference.html
Build info: version: '3.141.5', revision: 'd54ebd709a', time: '2018-11-06T11:42:16'
System info: host: 'HMS-DT-N-9', ip: '192.168.2.115', os.name: 'Windows 10', os.arch: 'amd64', os.version: '10.0', java.version: '1.8.0_411'
Driver info: org.openqa.selenium.firefox.FirefoxDriver
Capabilities {acceptInsecureCerts: true, browserName: firefox, browserVersion: 133.0.3, javascriptEnabled: true, moz:accessibilityChecks: false, moz:buildID: 20241209150345, moz:geckodriverVersion: 0.29.0, moz:headless: false, moz:platformVersion: 10.0, moz:processID: 10384, moz:profile: C:\Users\qa\AppData\Local\T..., moz:shutdownTimeout: 60000, moz:webdriverClick: true, moz:windowless: false, pageLoadStrategy: normal, platform: WINDOWS, platformName: WINDOWS, proxy: Proxy(), setWindowRect: true, strictFileInteractability: false, timeouts: {implicit: 0, pageLoad: 300000, script: 30000}, unhandledPromptBehavior: dismiss and notify, userAgent: Mozilla/5.0 (Windows NT 10....}
Session ID: 217be3a7-b99a-499e-9c7e-d0237bebffc4
	at org.openqa.selenium.remote.http.W3CHttpResponseCodec.createException(W3CHttpResponseCodec.java:187)
	at org.openqa.selenium.remote.http.W3CHttpResponseCodec.decode(W3CHttpResponseCodec.java:122)
	at org.openqa.selenium.remote.http.W3CHttpResponseCodec.decode(W3CHttpResponseCodec.java:49)
	at org.openqa.selenium.remote.HttpCommandExecutor.execute(HttpCommandExecutor.java:158)
	at org.openqa.selenium.remote.service.DriverCommandExecutor.execute(DriverCommandExecutor.java:83)
	at org.openqa.selenium.remote.RemoteWebDriver.execute(RemoteWebDriver.java:552)
	at org.openqa.selenium.remote.RemoteWebElement.execute(RemoteWebElement.java:285)
	at org.openqa.selenium.remote.RemoteWebElement.getAttribute(RemoteWebElement.java:134)
	at com.hotelogix.smoke.frontdesk.FrontdeskHome.FrontdeskLandingPage.fn_rtClk(FrontdeskLandingPage.java:3342)
	at com.hotelogix.smoke.FrontdeskTest.FrontdeskTest.fn_verifyRtClkCheckoutInSingleReserv(FrontdeskTest.java:1920)
... Removed 28 stack frames]]>
    </failure>
  </testcase> <!-- fn_verifyRtClkCheckoutInSingleReserv -->
  <testcase name="fn_verifyEnableEditingCheckoutInSingleReserv" time="293.786" classname="com.hotelogix.smoke.FrontdeskTest.FrontdeskTest"/>
  <testcase name="fn_verifyEnableEditingLateCheckoutInSingleReserv" time="383.022" classname="com.hotelogix.smoke.FrontdeskTest.FrontdeskTest"/>
  <testcase name="fn_verifyExpressCheckoutInSingleReserv" time="245.06" classname="com.hotelogix.smoke.FrontdeskTest.FrontdeskTest"/>
  <testcase name="fn_verifyGuestCheckoutInSingleReserv" time="409.947" classname="com.hotelogix.smoke.FrontdeskTest.FrontdeskTest"/>
  <testcase name="fn_verifyRgtClickGroupCheckoutLink" time="316.479" classname="com.hotelogix.smoke.FrontdeskTest.FrontdeskTest"/>
  <testcase name="fn_verifyGrpChkoutBtnOnEnableEditing" time="394.301" classname="com.hotelogix.smoke.FrontdeskTest.FrontdeskTest"/>
  <testcase name="fn_verifyCheckoutSelectedInGrpReserv" time="422.215" classname="com.hotelogix.smoke.FrontdeskTest.FrontdeskTest"/>
  <testcase name="fn_verifyGroupChkoutInGrpReserv" time="303.997" classname="com.hotelogix.smoke.FrontdeskTest.FrontdeskTest"/>
  <testcase name="fn_verifyExpressChkoutInGrpReserv" time="276.035" classname="com.hotelogix.smoke.FrontdeskTest.FrontdeskTest"/>
  <testcase name="fn_verifyChkoutForSingleGuestInGrpReserv" time="392.995" classname="com.hotelogix.smoke.FrontdeskTest.FrontdeskTest"/>
  <testcase name="fn_verifyLateChkoutForSingleGuestInGrpReserv" time="420.332" classname="com.hotelogix.smoke.FrontdeskTest.FrontdeskTest"/>
</testsuite> <!-- Test -->
